  PlayerCtrl.cpp
  PlayerRender.cpp
  ShowAtOppositeSide.cpp
C:\Users\Dorjee\Documents\of_v0.11.2_vs2017_release\apps\myApps\emptyExample\src\ecs\Entity.h(77,1): warning C4267: 'inicializando': conversión de 'size_t' a 'int'; posible pérdida de datos (compilando archivo de origen src\components\PlayerCtrl.cpp)
C:\Users\Dorjee\Documents\of_v0.11.2_vs2017_release\apps\myApps\emptyExample\src\ecs\Entity.h(77,1): warning C4267: 'inicializando': conversión de 'size_t' a 'int'; posible pérdida de datos (compilando archivo de origen src\components\ShowAtOppositeSide.cpp)
C:\Users\Dorjee\Documents\of_v0.11.2_vs2017_release\apps\myApps\emptyExample\src\ecs\Entity.h(83,1): warning C4267: 'inicializando': conversión de 'size_t' a 'int'; posible pérdida de datos (compilando archivo de origen src\components\PlayerCtrl.cpp)
C:\Users\Dorjee\Documents\of_v0.11.2_vs2017_release\apps\myApps\emptyExample\src\ecs\Entity.h(83,1): warning C4267: 'inicializando': conversión de 'size_t' a 'int'; posible pérdida de datos (compilando archivo de origen src\components\ShowAtOppositeSide.cpp)
C:\Users\Dorjee\Documents\of_v0.11.2_vs2017_release\apps\myApps\emptyExample\src\ecs\Entity.h(77,1): warning C4267: 'inicializando': conversión de 'size_t' a 'int'; posible pérdida de datos (compilando archivo de origen src\components\PlayerRender.cpp)
C:\Users\Dorjee\Documents\of_v0.11.2_vs2017_release\apps\myApps\emptyExample\src\ecs\Entity.h(83,1): warning C4267: 'inicializando': conversión de 'size_t' a 'int'; posible pérdida de datos (compilando archivo de origen src\components\PlayerRender.cpp)
  Info: Boost.Config is older than your compiler version - probably nothing bad will happen - but you may wish to look for an update Boost version.  Define BOOST_CONFIG_SUPPRESS_OUTDATED_MESSAGE to suppress this message.
  Info: Boost.Config is older than your compiler version - probably nothing bad will happen - but you may wish to look for an update Boost version.  Define BOOST_CONFIG_SUPPRESS_OUTDATED_MESSAGE to suppress this message.
  Info: Boost.Config is older than your compiler version - probably nothing bad will happen - but you may wish to look for an update Boost version.  Define BOOST_CONFIG_SUPPRESS_OUTDATED_MESSAGE to suppress this message.
C:\Users\Dorjee\Documents\of_v0.11.2_vs2017_release\libs\openFrameworks\math\ofMatrix4x4.h(326,1): warning C4267: 'argumento': conversión de 'size_t' a 'int'; posible pérdida de datos (compilando archivo de origen src\components\ShowAtOppositeSide.cpp)
C:\Users\Dorjee\Documents\of_v0.11.2_vs2017_release\libs\openFrameworks\math\ofMatrix4x4.h(331,1): warning C4267: 'argumento': conversión de 'size_t' a 'int'; posible pérdida de datos (compilando archivo de origen src\components\ShowAtOppositeSide.cpp)
C:\Users\Dorjee\Documents\of_v0.11.2_vs2017_release\libs\openFrameworks\math\ofMatrix4x4.h(326,1): warning C4267: 'argumento': conversión de 'size_t' a 'int'; posible pérdida de datos (compilando archivo de origen src\components\PlayerCtrl.cpp)
C:\Users\Dorjee\Documents\of_v0.11.2_vs2017_release\libs\openFrameworks\math\ofMatrix4x4.h(912,12): warning C4267: 'argumento': conversión de 'size_t' a 'int'; posible pérdida de datos (compilando archivo de origen src\components\ShowAtOppositeSide.cpp)
C:\Users\Dorjee\Documents\of_v0.11.2_vs2017_release\libs\openFrameworks\math\ofMatrix4x4.h(331,1): warning C4267: 'argumento': conversión de 'size_t' a 'int'; posible pérdida de datos (compilando archivo de origen src\components\PlayerCtrl.cpp)
C:\Users\Dorjee\Documents\of_v0.11.2_vs2017_release\libs\openFrameworks\math\ofMatrix4x4.h(913,12): warning C4267: 'argumento': conversión de 'size_t' a 'int'; posible pérdida de datos (compilando archivo de origen src\components\ShowAtOppositeSide.cpp)
C:\Users\Dorjee\Documents\of_v0.11.2_vs2017_release\libs\openFrameworks\math\ofMatrix4x4.h(914,12): warning C4267: 'argumento': conversión de 'size_t' a 'int'; posible pérdida de datos (compilando archivo de origen src\components\ShowAtOppositeSide.cpp)
C:\Users\Dorjee\Documents\of_v0.11.2_vs2017_release\libs\openFrameworks\math\ofMatrix4x4.h(915,12): warning C4267: 'argumento': conversión de 'size_t' a 'int'; posible pérdida de datos (compilando archivo de origen src\components\ShowAtOppositeSide.cpp)
C:\Users\Dorjee\Documents\of_v0.11.2_vs2017_release\libs\openFrameworks\math\ofMatrix4x4.h(326,1): warning C4267: 'argumento': conversión de 'size_t' a 'int'; posible pérdida de datos (compilando archivo de origen src\components\PlayerRender.cpp)
C:\Users\Dorjee\Documents\of_v0.11.2_vs2017_release\libs\openFrameworks\math\ofMatrix4x4.h(331,1): warning C4267: 'argumento': conversión de 'size_t' a 'int'; posible pérdida de datos (compilando archivo de origen src\components\PlayerRender.cpp)
C:\Users\Dorjee\Documents\of_v0.11.2_vs2017_release\libs\openFrameworks\math\ofMatrix4x4.h(912,12): warning C4267: 'argumento': conversión de 'size_t' a 'int'; posible pérdida de datos (compilando archivo de origen src\components\PlayerCtrl.cpp)
C:\Users\Dorjee\Documents\of_v0.11.2_vs2017_release\libs\openFrameworks\math\ofMatrix4x4.h(913,12): warning C4267: 'argumento': conversión de 'size_t' a 'int'; posible pérdida de datos (compilando archivo de origen src\components\PlayerCtrl.cpp)
C:\Users\Dorjee\Documents\of_v0.11.2_vs2017_release\libs\openFrameworks\math\ofMatrix4x4.h(914,12): warning C4267: 'argumento': conversión de 'size_t' a 'int'; posible pérdida de datos (compilando archivo de origen src\components\PlayerCtrl.cpp)
C:\Users\Dorjee\Documents\of_v0.11.2_vs2017_release\libs\openFrameworks\math\ofMatrix4x4.h(915,12): warning C4267: 'argumento': conversión de 'size_t' a 'int'; posible pérdida de datos (compilando archivo de origen src\components\PlayerCtrl.cpp)
C:\Users\Dorjee\Documents\of_v0.11.2_vs2017_release\libs\openFrameworks\math\ofMatrix4x4.h(912,12): warning C4267: 'argumento': conversión de 'size_t' a 'int'; posible pérdida de datos (compilando archivo de origen src\components\PlayerRender.cpp)
C:\Users\Dorjee\Documents\of_v0.11.2_vs2017_release\libs\openFrameworks\math\ofMatrix4x4.h(913,12): warning C4267: 'argumento': conversión de 'size_t' a 'int'; posible pérdida de datos (compilando archivo de origen src\components\PlayerRender.cpp)
C:\Users\Dorjee\Documents\of_v0.11.2_vs2017_release\libs\openFrameworks\math\ofMatrix4x4.h(914,12): warning C4267: 'argumento': conversión de 'size_t' a 'int'; posible pérdida de datos (compilando archivo de origen src\components\PlayerRender.cpp)
C:\Users\Dorjee\Documents\of_v0.11.2_vs2017_release\libs\openFrameworks\math\ofMatrix4x4.h(915,12): warning C4267: 'argumento': conversión de 'size_t' a 'int'; posible pérdida de datos (compilando archivo de origen src\components\PlayerRender.cpp)
C:\Users\Dorjee\Documents\of_v0.11.2_vs2017_release\apps\myApps\emptyExample\src\components\PlayerCtrl.h(18,14): error C2143: error de sintaxis: falta ';' delante de '*' (compilando archivo de origen src\components\PlayerRender.cpp)
C:\Users\Dorjee\Documents\of_v0.11.2_vs2017_release\apps\myApps\emptyExample\src\components\PlayerCtrl.h(18,14): error C4430: falta el especificador de tipo; se presupone int. Nota: C++ no admite default-int (compilando archivo de origen src\components\PlayerRender.cpp)
C:\Users\Dorjee\Documents\of_v0.11.2_vs2017_release\apps\myApps\emptyExample\src\components\PlayerCtrl.h(18,28): error C2238: símbolos (token) inesperados delante de ';' (compilando archivo de origen src\components\PlayerRender.cpp)
